34.64.60.213
2023-10-06 16:24:09,981 INFO sqlalchemy.engine.Engine select @@version
2023-10-06 16:24:09,982 INFO sqlalchemy.engine.Engine [raw sql] {}
2023-10-06 16:24:09,992 INFO sqlalchemy.engine.Engine SELECT schema_name()
2023-10-06 16:24:09,992 INFO sqlalchemy.engine.Engine [generated in 0.00043s] {}
2023-10-06 16:24:10,029 INFO sqlalchemy.engine.Engine SELECT CAST('test max support' AS NVARCHAR(max))
2023-10-06 16:24:10,029 INFO sqlalchemy.engine.Engine [generated in 0.00042s] {}
2023-10-06 16:24:10,110 INFO sqlalchemy.engine.Engine SELECT [INFORMATION_SCHEMA].[TABLES].[TABLE_NAME] 
FROM [INFORMATION_SCHEMA].[TABLES] 
WHERE [INFORMATION_SCHEMA].[TABLES].[TABLE_SCHEMA] = CAST(%(table_schema_1)s AS NVARCHAR(max)) AND [INFORMATION_SCHEMA].[TABLES].[TABLE_TYPE] = CAST(%(table_type_1)s AS NVARCHAR(max)) ORDER BY [INFORMATION_SCHEMA].[TABLES].[TABLE_NAME]
2023-10-06 16:24:10,111 INFO sqlalchemy.engine.Engine [generated in 0.00078s] {'table_schema_1': 'dbo', 'table_type_1': 'BASE TABLE'}
['TB_고객서비스_codeFApi', 'TB_구미_기아자동차_검수합격통보서', 'TB_구미_현대자동차_검수합격통보서', 'TB_다모기업', 'TB_매입전자세금계산서_1', 'TB_매출전자세금계산서_1', 'TB_트랜시스1203_DCT강건화_검수실적', 'TB_admin_1', 'TB_app_configs', 'TB_app_list', 'TB_apps', 'TB_bk_기관코드', 'TB_ChannelManager', 'TB_ChannelUser', 'TB_ChannelUserChat', 'TB_collection_apps', 'TB_collection_list', 'TB_collections', 'TB_collections_link', 'TB_CRM_CompanyInfo', 'TB_CRM_CounselHistory', 'TB_CRM_CustomerInfo', 'TB_Customer', 'TB_Customer_Contact', 'TB_ezchemtech_매입전자세금계산서내역_codeFApi', 'TB_ezchemtech_매출전자세금계산서내역_codeFApi', 'TB_ezct_계좌거래내역', 'TB_ezct_계좌거래내역_codeFApi', 'TB_ezct_계좌목록_codeFApi', 'TB_ezct_외화계좌거래내역', 'TB_Log', 'TB_Log_Collector', 'TB_Mail_Result', 'TB_Messages_Channel', 'TB_Messages_Telegram', 'TB_Msg_Forward_Result', 'TB_PhoneMessage_Result', 'TB_SMS_Result', 'TB_TaxInvoice_Issue', 'TB_TaxInvoice_NTS', 'TB_TaxInvoice_Result', 'TB_TEST', 'TB_test_1', 'TB_Webhook_Result_Jandi', 'TB_Webhook_Result_Telegram']
2023-10-06 16:24:10,151 INFO sqlalchemy.engine.Engine SELECT [INFORMATION_SCHEMA].[COLUMNS].[TABLE_SCHEMA], [INFORMATION_SCHEMA].[COLUMNS].[TABLE_NAME], [INFORMATION_SCHEMA].[COLUMNS].[COLUMN_NAME], [INFORMATION_SCHEMA].[COLUMNS].[IS_NULLABLE], [INFORMATION_SCHEMA].[COLUMNS].[DATA_TYPE], [INFORMATION_SCHEMA].[COLUMNS].[ORDINAL_POSITION], [INFORMATION_SCHEMA].[COLUMNS].[CHARACTER_MAXIMUM_LENGTH], [INFORMATION_SCHEMA].[COLUMNS].[NUMERIC_PRECISION], [INFORMATION_SCHEMA].[COLUMNS].[NUMERIC_SCALE], [INFORMATION_SCHEMA].[COLUMNS].[COLUMN_DEFAULT], [INFORMATION_SCHEMA].[COLUMNS].[COLLATION_NAME], sys.computed_columns.definition, sys.computed_columns.is_persisted, sys.identity_columns.is_identity, CAST(sys.identity_columns.seed_value AS NUMERIC) AS seed_value, CAST(sys.identity_columns.increment_value AS NUMERIC) AS increment_value 
FROM [INFORMATION_SCHEMA].[COLUMNS] LEFT OUTER JOIN sys.computed_columns ON sys.computed_columns.object_id = object_id([INFORMATION_SCHEMA].[COLUMNS].[TABLE_SCHEMA] + CAST(%(table_schema_1)s AS NVARCHAR(max)) + [INFORMATION_SCHEMA].[COLUMNS].[TABLE_NAME]) AND sys.computed_columns.name = ([INFORMATION_SCHEMA].[COLUMNS].[COLUMN_NAME] COLLATE DATABASE_DEFAULT) LEFT OUTER JOIN sys.identity_columns ON sys.identity_columns.object_id = object_id([INFORMATION_SCHEMA].[COLUMNS].[TABLE_SCHEMA] + CAST(%(table_schema_1)s AS NVARCHAR(max)) + [INFORMATION_SCHEMA].[COLUMNS].[TABLE_NAME]) AND sys.identity_columns.name = ([INFORMATION_SCHEMA].[COLUMNS].[COLUMN_NAME] COLLATE DATABASE_DEFAULT) 
WHERE [INFORMATION_SCHEMA].[COLUMNS].[TABLE_NAME] = CAST(%(table_name_1)s AS NVARCHAR(max)) AND [INFORMATION_SCHEMA].[COLUMNS].[TABLE_SCHEMA] = CAST(%(table_schema_2)s AS NVARCHAR(max)) ORDER BY [INFORMATION_SCHEMA].[COLUMNS].[ORDINAL_POSITION]
2023-10-06 16:24:10,151 INFO sqlalchemy.engine.Engine [generated in 0.00048s] {'table_schema_1': '.', 'table_name_1': 'TB_고객서비스_codeFApi', 'table_schema_2': 'dbo'}
2023-10-06 16:24:10,167 INFO sqlalchemy.engine.Engine SELECT [C].[COLUMN_NAME], [INFORMATION_SCHEMA].[TABLE_CONSTRAINTS].[CONSTRAINT_TYPE], [C].[CONSTRAINT_NAME] 
FROM [INFORMATION_SCHEMA].[KEY_COLUMN_USAGE] AS [C], [INFORMATION_SCHEMA].[TABLE_CONSTRAINTS] 
WHERE [INFORMATION_SCHEMA].[TABLE_CONSTRAINTS].[CONSTRAINT_NAME] = [C].[CONSTRAINT_NAME] AND [INFORMATION_SCHEMA].[TABLE_CONSTRAINTS].[TABLE_SCHEMA] = [C].[TABLE_SCHEMA] AND [C].[TABLE_NAME] = CAST(%(table_name_1)s AS NVARCHAR(max)) AND [C].[TABLE_SCHEMA] = CAST(%(table_schema_1)s AS NVARCHAR(max)) ORDER BY [INFORMATION_SCHEMA].[TABLE_CONSTRAINTS].[CONSTRAINT_NAME], [C].[ORDINAL_POSITION]
2023-10-06 16:24:10,167 INFO sqlalchemy.engine.Engine [generated in 0.00044s] {'table_name_1': 'TB_고객서비스_codeFApi', 'table_schema_1': 'dbo'}
2023-10-06 16:24:10,175 INFO sqlalchemy.engine.Engine WITH fk_info AS (
    SELECT
        ischema_ref_con.constraint_schema,
        ischema_ref_con.constraint_name,
        ischema_key_col.ordinal_position,
        ischema_key_col.table_schema,
        ischema_key_col.table_name,
        ischema_ref_con.unique_constraint_schema,
        ischema_ref_con.unique_constraint_name,
        ischema_ref_con.match_option,
        ischema_ref_con.update_rule,
        ischema_ref_con.delete_rule,
        ischema_key_col.column_name AS constrained_column
    FROM
        INFORMATION_SCHEMA.REFERENTIAL_CONSTRAINTS ischema_ref_con
        INNER JOIN
        INFORMATION_SCHEMA.KEY_COLUMN_USAGE ischema_key_col ON
            ischema_key_col.table_schema = ischema_ref_con.constraint_schema
            AND ischema_key_col.constraint_name =
            ischema_ref_con.constraint_name
    WHERE ischema_key_col.table_name = CAST(%(tablename)s AS NVARCHAR(max))
        AND ischema_key_col.table_schema = CAST(%(owner)s AS NVARCHAR(max))
),
constraint_info AS (
    SELECT
        ischema_key_col.constraint_schema,
        ischema_key_col.constraint_name,
        ischema_key_col.ordinal_position,
        ischema_key_col.table_schema,
        ischema_key_col.table_name,
        ischema_key_col.column_name
    FROM
        INFORMATION_SCHEMA.KEY_COLUMN_USAGE ischema_key_col
),
index_info AS (
    SELECT
        sys.schemas.name AS index_schema,
        sys.indexes.name AS index_name,
        sys.index_columns.key_ordinal AS ordinal_position,
        sys.schemas.name AS table_schema,
        sys.objects.name AS table_name,
        sys.columns.name AS column_name
    FROM
        sys.indexes
        INNER JOIN
        sys.objects ON
            sys.objects.object_id = sys.indexes.object_id
        INNER JOIN
        sys.schemas ON
            sys.schemas.schema_id = sys.objects.schema_id
        INNER JOIN
        sys.index_columns ON
            sys.index_columns.object_id = sys.objects.object_id
            AND sys.index_columns.index_id = sys.indexes.index_id
        INNER JOIN
        sys.columns ON
            sys.columns.object_id = sys.indexes.object_id
            AND sys.columns.column_id = sys.index_columns.column_id
)
    SELECT
        fk_info.constraint_schema,
        fk_info.constraint_name,
        fk_info.ordinal_position,
        fk_info.constrained_column,
        constraint_info.table_schema AS referred_table_schema,
        constraint_info.table_name AS referred_table_name,
        constraint_info.column_name AS referred_column,
        fk_info.match_option,
        fk_info.update_rule,
        fk_info.delete_rule
    FROM
        fk_info INNER JOIN constraint_info ON
            constraint_info.constraint_schema =
                fk_info.unique_constraint_schema
            AND constraint_info.constraint_name =
                fk_info.unique_constraint_name
            AND constraint_info.ordinal_position = fk_info.ordinal_position
    UNION
    SELECT
        fk_info.constraint_schema,
        fk_info.constraint_name,
        fk_info.ordinal_position,
        fk_info.constrained_column,
        index_info.table_schema AS referred_table_schema,
        index_info.table_name AS referred_table_name,
        index_info.column_name AS referred_column,
        fk_info.match_option,
        fk_info.update_rule,
        fk_info.delete_rule
    FROM
        fk_info INNER JOIN index_info ON
            index_info.index_schema = fk_info.unique_constraint_schema
            AND index_info.index_name = fk_info.unique_constraint_name
            AND index_info.ordinal_position = fk_info.ordinal_position

    ORDER BY fk_info.constraint_schema, fk_info.constraint_name,
        fk_info.ordinal_position

2023-10-06 16:24:10,176 INFO sqlalchemy.engine.Engine [generated in 0.00045s] {'tablename': 'TB_고객서비스_codeFApi', 'owner': 'dbo'}
2023-10-06 16:24:10,188 INFO sqlalchemy.engine.Engine select ind.index_id, ind.is_unique, ind.name, ind.filter_definition from sys.indexes as ind join sys.tables as tab on ind.object_id=tab.object_id join sys.schemas as sch on sch.schema_id=tab.schema_id where tab.name = CAST(%(tabname)s AS NVARCHAR(max)) and sch.name=CAST(%(schname)s AS NVARCHAR(max)) and ind.is_primary_key=0 and ind.type != 0
2023-10-06 16:24:10,188 INFO sqlalchemy.engine.Engine [generated in 0.00041s] {'tabname': 'TB_고객서비스_codeFApi', 'schname': 'dbo'}
2023-10-06 16:24:10,194 INFO sqlalchemy.engine.Engine select ind_col.index_id, ind_col.object_id, col.name, ind_col.is_included_column from sys.columns as col join sys.tables as tab on tab.object_id=col.object_id join sys.index_columns as ind_col on (ind_col.column_id=col.column_id and ind_col.object_id=tab.object_id) join sys.schemas as sch on sch.schema_id=tab.schema_id where tab.name=CAST(%(tabname)s AS NVARCHAR(max)) and sch.name=CAST(%(schname)s AS NVARCHAR(max))
2023-10-06 16:24:10,194 INFO sqlalchemy.engine.Engine [generated in 0.00043s] {'tabname': 'TB_고객서비스_codeFApi', 'schname': 'dbo'}
2023-10-06 16:24:10,209 INFO sqlalchemy.engine.Engine SELECT [TB_고객서비스_codeFApi].seq, [TB_고객서비스_codeFApi].[서비스명], [TB_고객서비스_codeFApi].org_name, [TB_고객서비스_codeFApi].db_name, [TB_고객서비스_codeFApi].enabled, [TB_고객서비스_codeFApi].[인증년월], [TB_고객서비스_codeFApi].[인증분류코드] 
FROM [TB_고객서비스_codeFApi] 
WHERE [TB_고객서비스_codeFApi].[서비스명] = %(서비스명_1)s
2023-10-06 16:24:10,209 INFO sqlalchemy.engine.Engine [generated in 0.00041s] {'서비스명_1': '전자세금계산서목록'}
2023-10-06 16:24:10,216 INFO sqlalchemy.engine.Engine 
    CREATE TABLE [ezchemtech].[dbo].[TB_매출전자세금계산서_1](
            [seq] [int] IDENTITY(1,1) NOT NULL,
            [년월] [int] NOT NULL,
            [작성일자] [date] NOT NULL,
            [승인번호] [nvarchar](30) NOT NULL,
            [전송일자] [date] NULL,
            [공급자사업자no] [nvarchar](15) NOT NULL,
            [수요자사업자no] [nvarchar](15) NOT NULL,
            [종사업장번호] [int] NULL,
            [통계용수요자사업자no] [nvarchar](15) NULL,
            [상호] [nvarchar](100) NOT NULL,
            [대표자명] [nvarchar](50) NULL,
            [주소] [nvarchar](500) NULL,
            [합계금액] [int] NOT NULL,
            [공급가액] [int] NOT NULL,
            [세액] [int] NOT NULL,
            [분류] [nvarchar](10) NOT NULL,
            [종류] [nvarchar](10) NULL,
            [유형] [nvarchar](10) NULL,
            [비고] [nvarchar](100) NULL,
            [구분] [nvarchar](10) NULL,
            [수요자이메일] [nvarchar](100) NULL,
            [예비1] [nvarchar](500) NULL,
            [예비2] [nvarchar](500) NULL,
            [예비3] [nvarchar](500) NULL,
            [RegDate] [datetime] NULL,
            [UpdateDate] [datetime] NULL,
     CONSTRAINT [PK_TB_매출전자세금계산서_1] PRIMARY KEY CLUSTERED
    (
            [seq] ASC
    )WITH (PAD_INDEX = OFF, STATISTICS_NORECOMPUTE = OFF, IGNORE_DUP_KEY = OFF, ALLOW_ROW_LOCKS = ON, ALLOW_PAGE_LOCKS = ON, OPTIMIZE_FOR_SEQUENTIAL_KEY = OFF) ON [PRIMARY]
    ) ON [PRIMARY]
    GO
    ALTER TABLE [ezchemtech].[dbo].[TB_매출전자세금계산서_1] ADD  CONSTRAINT [DF__TB_매출전자세금ezchemtech__RegDa__6E8B6712]  DEFAULT (getdate()) FOR [RegDate]
    GO
    ALTER TABLE [ezchemtech].[dbo].[TB_매출전자세금계산서_1] ADD  CONSTRAINT [DF__TB_매출전자세금ezchemtech__Updat__6F7F8B4B]  DEFAULT (getdate()) FOR [UpdateDate]
    GO
    
2023-10-06 16:24:10,217 INFO sqlalchemy.engine.Engine [raw sql] {}
2023-10-06 16:24:10,230 INFO sqlalchemy.engine.Engine ROLLBACK
